-------------------------------------------------------------------------------
Test set: TestServelets.SvUsuarioTest
-------------------------------------------------------------------------------
Tests run: 4, Failures: 0, Errors: 4, Skipped: 0, Time elapsed: 0.039 s <<< FAILURE! - in TestServelets.SvUsuarioTest
TestServelets.SvUsuarioTest.testContrasenaInvalida  Time elapsed: 0.005 s  <<< ERROR!
java.lang.ExceptionInInitializerError
Caused by: java.util.MissingResourceException: Can't find bundle for base name javax.servlet.LocalStrings, locale es_PE

TestServelets.SvUsuarioTest.testCrearCuentaConDatosValidos  Time elapsed: 0.001 s  <<< ERROR!
java.lang.NoClassDefFoundError: Could not initialize class TestServelets.SvUsuarioTest
Caused by: java.lang.ExceptionInInitializerError: Exception java.lang.ExceptionInInitializerError [in thread "main"]

TestServelets.SvUsuarioTest.testRedireccionAMenuPrincipal  Time elapsed: 0 s  <<< ERROR!
java.lang.NoClassDefFoundError: Could not initialize class TestServelets.SvUsuarioTest
Caused by: java.lang.ExceptionInInitializerError: Exception java.lang.ExceptionInInitializerError [in thread "main"]

TestServelets.SvUsuarioTest.testEmailInvalido  Time elapsed: 0 s  <<< ERROR!
java.lang.NoClassDefFoundError: Could not initialize class TestServelets.SvUsuarioTest
Caused by: java.lang.ExceptionInInitializerError: Exception java.lang.ExceptionInInitializerError [in thread "main"]

