<?xml version="1.0" encoding="UTF-8"?>
<testsuite xmlns:xsi="http://www.w3.org/2001/XMLSchema-instance" xsi:noNamespaceSchemaLocation="https://maven.apache.org/surefire/maven-surefire-plugin/xsd/surefire-test-report-3.0.xsd" version="3.0" name="TestServelets.SvUsuarioTest" time="0.039" tests="4" errors="4" skipped="0" failures="0">
  <properties>
[...]
</properties>
  <testcase name="testContrasenaInvalida" classname="TestServelets.SvUsuarioTest" time="0.005">
    <error type="java.lang.ExceptionInInitializerError"><![CDATA[java.lang.ExceptionInInitializerError
Caused by: java.util.MissingResourceException: Can't find bundle for base name javax.servlet.LocalStrings, locale es_PE
]]></error>
  </testcase>
  <testcase name="testCrearCuentaConDatosValidos" classname="TestServelets.SvUsuarioTest" time="0.001">
    <error type="java.lang.NoClassDefFoundError"><![CDATA[java.lang.NoClassDefFoundError: Could not initialize class TestServelets.SvUsuarioTest
Caused by: java.lang.ExceptionInInitializerError: Exception java.lang.ExceptionInInitializerError [in thread "main"]
]]></error>
  </testcase>
  <testcase name="testRedireccionAMenuPrincipal" classname="TestServelets.SvUsuarioTest" time="0">
    <error type="java.lang.NoClassDefFoundError"><![CDATA[java.lang.NoClassDefFoundError: Could not initialize class TestServelets.SvUsuarioTest
Caused by: java.lang.ExceptionInInitializerError: Exception java.lang.ExceptionInInitializerError [in thread "main"]
]]></error>
  </testcase>
  <testcase name="testEmailInvalido" classname="TestServelets.SvUsuarioTest" time="0">
    <error type="java.lang.NoClassDefFoundError"><![CDATA[java.lang.NoClassDefFoundError: Could not initialize class TestServelets.SvUsuarioTest
Caused by: java.lang.ExceptionInInitializerError: Exception java.lang.ExceptionInInitializerError [in thread "main"]
]]></error>
  </testcase>
</testsuite>